<?xml version="1.0" encoding="UTF-8"?>
<testsuite name="com.qokoon.shoping.AppTest" tests="1" skipped="0" failures="0" errors="0" timestamp="2021-01-17T13:34:54" hostname="MacBook-Pro.local" time="0.0">
  <properties/>
  <testcase name="testAppHasAGreeting" classname="com.qokoon.shoping.AppTest" time="0.0"/>
  <system-out><![CDATA[]]></system-out>
  <system-err><![CDATA[]]></system-err>
</testsuite>
